2022-07-07 01:09:50 error: [Cake\Database\Exception\MissingConnectionException] Connection to Mysql could not be established: SQLSTATE[HY000] [1045] Access denied for user 'my_app'@'localhost' (using password: YES) in C:\xampp\htdocs\tag\tag-cakephp4.4\vendor\cakephp\cakephp\src\Database\Driver.php on line 133
Exception Attributes: array (
  'driver' => 'Mysql',
  'reason' => 'SQLSTATE[HY000] [1045] Access denied for user \'my_app\'@\'localhost\' (using password: YES)',
)
Stack Trace:
- C:\xampp\htdocs\tag\tag-cakephp4.4\vendor\cakephp\cakephp\src\Database\Driver\Mysql.php:164
- C:\xampp\htdocs\tag\tag-cakephp4.4\vendor\cakephp\cakephp\src\Database\Schema\SchemaDialect.php:51
- C:\xampp\htdocs\tag\tag-cakephp4.4\vendor\cakephp\cakephp\src\Database\Driver\Mysql.php:216
- C:\xampp\htdocs\tag\tag-cakephp4.4\vendor\cakephp\cakephp\src\Database\Schema\Collection.php:53
- C:\xampp\htdocs\tag\tag-cakephp4.4\vendor\cakephp\cakephp\src\Database\Connection.php:417
- C:\xampp\htdocs\tag\tag-cakephp4.4\vendor\cakephp\bake\src\Command\ModelCommand.php:87
- C:\xampp\htdocs\tag\tag-cakephp4.4\vendor\cakephp\bake\src\Command\AllCommand.php:115
- C:\xampp\htdocs\tag\tag-cakephp4.4\vendor\cakephp\cakephp\src\Console\BaseCommand.php:190
- C:\xampp\htdocs\tag\tag-cakephp4.4\vendor\cakephp\cakephp\src\Console\CommandRunner.php:334
- C:\xampp\htdocs\tag\tag-cakephp4.4\vendor\cakephp\cakephp\src\Console\CommandRunner.php:172
- C:\xampp\htdocs\tag\tag-cakephp4.4\bin\cake.php:12

Caused by: [PDOException] SQLSTATE[HY000] [1045] Access denied for user 'my_app'@'localhost' (using password: YES) in C:\xampp\htdocs\tag\tag-cakephp4.4\vendor\cakephp\cakephp\src\Database\Driver.php on line 125
Stack Trace:
- C:\xampp\htdocs\tag\tag-cakephp4.4\vendor\cakephp\cakephp\src\Database\Driver.php:125
- C:\xampp\htdocs\tag\tag-cakephp4.4\vendor\cakephp\cakephp\src\Core\Retry\CommandRetry.php:70
- C:\xampp\htdocs\tag\tag-cakephp4.4\vendor\cakephp\cakephp\src\Database\Driver.php:131
- C:\xampp\htdocs\tag\tag-cakephp4.4\vendor\cakephp\cakephp\src\Database\Driver\Mysql.php:164
- C:\xampp\htdocs\tag\tag-cakephp4.4\vendor\cakephp\cakephp\src\Database\Schema\SchemaDialect.php:51
- C:\xampp\htdocs\tag\tag-cakephp4.4\vendor\cakephp\cakephp\src\Database\Driver\Mysql.php:216
- C:\xampp\htdocs\tag\tag-cakephp4.4\vendor\cakephp\cakephp\src\Database\Schema\Collection.php:53
- C:\xampp\htdocs\tag\tag-cakephp4.4\vendor\cakephp\cakephp\src\Database\Connection.php:417
- C:\xampp\htdocs\tag\tag-cakephp4.4\vendor\cakephp\bake\src\Command\ModelCommand.php:87
- C:\xampp\htdocs\tag\tag-cakephp4.4\vendor\cakephp\bake\src\Command\AllCommand.php:115
- C:\xampp\htdocs\tag\tag-cakephp4.4\vendor\cakephp\cakephp\src\Console\BaseCommand.php:190
- C:\xampp\htdocs\tag\tag-cakephp4.4\vendor\cakephp\cakephp\src\Console\CommandRunner.php:334
- C:\xampp\htdocs\tag\tag-cakephp4.4\vendor\cakephp\cakephp\src\Console\CommandRunner.php:172
- C:\xampp\htdocs\tag\tag-cakephp4.4\bin\cake.php:12

2022-07-07 01:10:44 error: [Cake\Database\Exception\MissingConnectionException] Connection to Mysql could not be established: SQLSTATE[HY000] [1049] Unknown database 'my_app' in C:\xampp\htdocs\tag\tag-cakephp4.4\vendor\cakephp\cakephp\src\Database\Driver.php on line 133
Exception Attributes: array (
  'driver' => 'Mysql',
  'reason' => 'SQLSTATE[HY000] [1049] Unknown database \'my_app\'',
)
Stack Trace:
- C:\xampp\htdocs\tag\tag-cakephp4.4\vendor\cakephp\cakephp\src\Database\Driver\Mysql.php:164
- C:\xampp\htdocs\tag\tag-cakephp4.4\vendor\cakephp\cakephp\src\Database\Schema\SchemaDialect.php:51
- C:\xampp\htdocs\tag\tag-cakephp4.4\vendor\cakephp\cakephp\src\Database\Driver\Mysql.php:216
- C:\xampp\htdocs\tag\tag-cakephp4.4\vendor\cakephp\cakephp\src\Database\Schema\Collection.php:53
- C:\xampp\htdocs\tag\tag-cakephp4.4\vendor\cakephp\cakephp\src\Database\Connection.php:417
- C:\xampp\htdocs\tag\tag-cakephp4.4\vendor\cakephp\bake\src\Command\ModelCommand.php:87
- C:\xampp\htdocs\tag\tag-cakephp4.4\vendor\cakephp\bake\src\Command\AllCommand.php:115
- C:\xampp\htdocs\tag\tag-cakephp4.4\vendor\cakephp\cakephp\src\Console\BaseCommand.php:190
- C:\xampp\htdocs\tag\tag-cakephp4.4\vendor\cakephp\cakephp\src\Console\CommandRunner.php:334
- C:\xampp\htdocs\tag\tag-cakephp4.4\vendor\cakephp\cakephp\src\Console\CommandRunner.php:172
- C:\xampp\htdocs\tag\tag-cakephp4.4\bin\cake.php:12

Caused by: [PDOException] SQLSTATE[HY000] [1049] Unknown database 'my_app' in C:\xampp\htdocs\tag\tag-cakephp4.4\vendor\cakephp\cakephp\src\Database\Driver.php on line 125
Stack Trace:
- C:\xampp\htdocs\tag\tag-cakephp4.4\vendor\cakephp\cakephp\src\Database\Driver.php:125
- C:\xampp\htdocs\tag\tag-cakephp4.4\vendor\cakephp\cakephp\src\Core\Retry\CommandRetry.php:70
- C:\xampp\htdocs\tag\tag-cakephp4.4\vendor\cakephp\cakephp\src\Database\Driver.php:131
- C:\xampp\htdocs\tag\tag-cakephp4.4\vendor\cakephp\cakephp\src\Database\Driver\Mysql.php:164
- C:\xampp\htdocs\tag\tag-cakephp4.4\vendor\cakephp\cakephp\src\Database\Schema\SchemaDialect.php:51
- C:\xampp\htdocs\tag\tag-cakephp4.4\vendor\cakephp\cakephp\src\Database\Driver\Mysql.php:216
- C:\xampp\htdocs\tag\tag-cakephp4.4\vendor\cakephp\cakephp\src\Database\Schema\Collection.php:53
- C:\xampp\htdocs\tag\tag-cakephp4.4\vendor\cakephp\cakephp\src\Database\Connection.php:417
- C:\xampp\htdocs\tag\tag-cakephp4.4\vendor\cakephp\bake\src\Command\ModelCommand.php:87
- C:\xampp\htdocs\tag\tag-cakephp4.4\vendor\cakephp\bake\src\Command\AllCommand.php:115
- C:\xampp\htdocs\tag\tag-cakephp4.4\vendor\cakephp\cakephp\src\Console\BaseCommand.php:190
- C:\xampp\htdocs\tag\tag-cakephp4.4\vendor\cakephp\cakephp\src\Console\CommandRunner.php:334
- C:\xampp\htdocs\tag\tag-cakephp4.4\vendor\cakephp\cakephp\src\Console\CommandRunner.php:172
- C:\xampp\htdocs\tag\tag-cakephp4.4\bin\cake.php:12

2022-07-07 01:11:27 error: [Cake\Database\Exception\DatabaseException] SQLSTATE[42S02]: Base table or view not found: 1146 Table 'tag.storage_location' doesn't exist in C:\xampp\htdocs\tag\tag-cakephp4.4\vendor\cakephp\cakephp\src\Database\Schema\Collection.php on line 160
Stack Trace:
- C:\xampp\htdocs\tag\tag-cakephp4.4\vendor\cakephp\cakephp\src\Database\Schema\Collection.php:118
- C:\xampp\htdocs\tag\tag-cakephp4.4\vendor\cakephp\cakephp\src\ORM\Table.php:513
- C:\xampp\htdocs\tag\tag-cakephp4.4\vendor\cakephp\bake\src\Command\ModelCommand.php:111
- C:\xampp\htdocs\tag\tag-cakephp4.4\vendor\cakephp\bake\src\Command\ModelCommand.php:94
- C:\xampp\htdocs\tag\tag-cakephp4.4\vendor\cakephp\bake\src\Command\AllCommand.php:115
- C:\xampp\htdocs\tag\tag-cakephp4.4\vendor\cakephp\cakephp\src\Console\BaseCommand.php:190
- C:\xampp\htdocs\tag\tag-cakephp4.4\vendor\cakephp\cakephp\src\Console\CommandRunner.php:334
- C:\xampp\htdocs\tag\tag-cakephp4.4\vendor\cakephp\cakephp\src\Console\CommandRunner.php:172
- C:\xampp\htdocs\tag\tag-cakephp4.4\bin\cake.php:12

Caused by: [PDOException] SQLSTATE[42S02]: Base table or view not found: 1146 Table 'tag.storage_location' doesn't exist in C:\xampp\htdocs\tag\tag-cakephp4.4\vendor\cakephp\cakephp\src\Database\Statement\MysqlStatement.php on line 39
Stack Trace:
- C:\xampp\htdocs\tag\tag-cakephp4.4\vendor\cakephp\cakephp\src\Database\Statement\MysqlStatement.php:39
- C:\xampp\htdocs\tag\tag-cakephp4.4\vendor\cakephp\cakephp\src\Database\Connection.php:328
- C:\xampp\htdocs\tag\tag-cakephp4.4\vendor\cakephp\cakephp\src\Core\Retry\CommandRetry.php:70
- C:\xampp\htdocs\tag\tag-cakephp4.4\vendor\cakephp\cakephp\src\Database\Connection.php:331
- C:\xampp\htdocs\tag\tag-cakephp4.4\vendor\cakephp\cakephp\src\Database\Schema\Collection.php:158
- C:\xampp\htdocs\tag\tag-cakephp4.4\vendor\cakephp\cakephp\src\Database\Schema\Collection.php:118
- C:\xampp\htdocs\tag\tag-cakephp4.4\vendor\cakephp\cakephp\src\ORM\Table.php:513
- C:\xampp\htdocs\tag\tag-cakephp4.4\vendor\cakephp\bake\src\Command\ModelCommand.php:111
- C:\xampp\htdocs\tag\tag-cakephp4.4\vendor\cakephp\bake\src\Command\ModelCommand.php:94
- C:\xampp\htdocs\tag\tag-cakephp4.4\vendor\cakephp\bake\src\Command\AllCommand.php:115
- C:\xampp\htdocs\tag\tag-cakephp4.4\vendor\cakephp\cakephp\src\Console\BaseCommand.php:190
- C:\xampp\htdocs\tag\tag-cakephp4.4\vendor\cakephp\cakephp\src\Console\CommandRunner.php:334
- C:\xampp\htdocs\tag\tag-cakephp4.4\vendor\cakephp\cakephp\src\Console\CommandRunner.php:172
- C:\xampp\htdocs\tag\tag-cakephp4.4\bin\cake.php:12

2022-07-07 01:11:32 error: [Cake\Database\Exception\DatabaseException] SQLSTATE[42S02]: Base table or view not found: 1146 Table 'tag.storage_location' doesn't exist in C:\xampp\htdocs\tag\tag-cakephp4.4\vendor\cakephp\cakephp\src\Database\Schema\Collection.php on line 160
Stack Trace:
- C:\xampp\htdocs\tag\tag-cakephp4.4\vendor\cakephp\cakephp\src\Database\Schema\Collection.php:118
- C:\xampp\htdocs\tag\tag-cakephp4.4\vendor\cakephp\cakephp\src\ORM\Table.php:513
- C:\xampp\htdocs\tag\tag-cakephp4.4\vendor\cakephp\bake\src\Command\ModelCommand.php:111
- C:\xampp\htdocs\tag\tag-cakephp4.4\vendor\cakephp\bake\src\Command\ModelCommand.php:94
- C:\xampp\htdocs\tag\tag-cakephp4.4\vendor\cakephp\bake\src\Command\AllCommand.php:115
- C:\xampp\htdocs\tag\tag-cakephp4.4\vendor\cakephp\cakephp\src\Console\BaseCommand.php:190
- C:\xampp\htdocs\tag\tag-cakephp4.4\vendor\cakephp\cakephp\src\Console\CommandRunner.php:334
- C:\xampp\htdocs\tag\tag-cakephp4.4\vendor\cakephp\cakephp\src\Console\CommandRunner.php:172
- C:\xampp\htdocs\tag\tag-cakephp4.4\bin\cake.php:12

Caused by: [PDOException] SQLSTATE[42S02]: Base table or view not found: 1146 Table 'tag.storage_location' doesn't exist in C:\xampp\htdocs\tag\tag-cakephp4.4\vendor\cakephp\cakephp\src\Database\Statement\MysqlStatement.php on line 39
Stack Trace:
- C:\xampp\htdocs\tag\tag-cakephp4.4\vendor\cakephp\cakephp\src\Database\Statement\MysqlStatement.php:39
- C:\xampp\htdocs\tag\tag-cakephp4.4\vendor\cakephp\cakephp\src\Database\Connection.php:328
- C:\xampp\htdocs\tag\tag-cakephp4.4\vendor\cakephp\cakephp\src\Core\Retry\CommandRetry.php:70
- C:\xampp\htdocs\tag\tag-cakephp4.4\vendor\cakephp\cakephp\src\Database\Connection.php:331
- C:\xampp\htdocs\tag\tag-cakephp4.4\vendor\cakephp\cakephp\src\Database\Schema\Collection.php:158
- C:\xampp\htdocs\tag\tag-cakephp4.4\vendor\cakephp\cakephp\src\Database\Schema\Collection.php:118
- C:\xampp\htdocs\tag\tag-cakephp4.4\vendor\cakephp\cakephp\src\ORM\Table.php:513
- C:\xampp\htdocs\tag\tag-cakephp4.4\vendor\cakephp\bake\src\Command\ModelCommand.php:111
- C:\xampp\htdocs\tag\tag-cakephp4.4\vendor\cakephp\bake\src\Command\ModelCommand.php:94
- C:\xampp\htdocs\tag\tag-cakephp4.4\vendor\cakephp\bake\src\Command\AllCommand.php:115
- C:\xampp\htdocs\tag\tag-cakephp4.4\vendor\cakephp\cakephp\src\Console\BaseCommand.php:190
- C:\xampp\htdocs\tag\tag-cakephp4.4\vendor\cakephp\cakephp\src\Console\CommandRunner.php:334
- C:\xampp\htdocs\tag\tag-cakephp4.4\vendor\cakephp\cakephp\src\Console\CommandRunner.php:172
- C:\xampp\htdocs\tag\tag-cakephp4.4\bin\cake.php:12

2022-07-07 10:49:41 error: [Cake\Database\Exception\DatabaseException] SQLSTATE[42S02]: Base table or view not found: 1146 Table 'tag.storage_units' doesn't exist in C:\xampp\htdocs\tag\tag-cakephp4.4\vendor\cakephp\cakephp\src\Database\Schema\Collection.php on line 160
Stack Trace:
- C:\xampp\htdocs\tag\tag-cakephp4.4\vendor\cakephp\cakephp\src\Database\Schema\Collection.php:118
- C:\xampp\htdocs\tag\tag-cakephp4.4\vendor\cakephp\cakephp\src\ORM\Table.php:513
- C:\xampp\htdocs\tag\tag-cakephp4.4\vendor\cakephp\bake\src\Command\ModelCommand.php:111
- C:\xampp\htdocs\tag\tag-cakephp4.4\vendor\cakephp\bake\src\Command\ModelCommand.php:94
- C:\xampp\htdocs\tag\tag-cakephp4.4\vendor\cakephp\bake\src\Command\AllCommand.php:115
- C:\xampp\htdocs\tag\tag-cakephp4.4\vendor\cakephp\cakephp\src\Console\BaseCommand.php:190
- C:\xampp\htdocs\tag\tag-cakephp4.4\vendor\cakephp\cakephp\src\Console\CommandRunner.php:334
- C:\xampp\htdocs\tag\tag-cakephp4.4\vendor\cakephp\cakephp\src\Console\CommandRunner.php:172
- C:\xampp\htdocs\tag\tag-cakephp4.4\bin\cake.php:12

Caused by: [PDOException] SQLSTATE[42S02]: Base table or view not found: 1146 Table 'tag.storage_units' doesn't exist in C:\xampp\htdocs\tag\tag-cakephp4.4\vendor\cakephp\cakephp\src\Database\Statement\MysqlStatement.php on line 39
Stack Trace:
- C:\xampp\htdocs\tag\tag-cakephp4.4\vendor\cakephp\cakephp\src\Database\Statement\MysqlStatement.php:39
- C:\xampp\htdocs\tag\tag-cakephp4.4\vendor\cakephp\cakephp\src\Database\Connection.php:328
- C:\xampp\htdocs\tag\tag-cakephp4.4\vendor\cakephp\cakephp\src\Core\Retry\CommandRetry.php:70
- C:\xampp\htdocs\tag\tag-cakephp4.4\vendor\cakephp\cakephp\src\Database\Connection.php:331
- C:\xampp\htdocs\tag\tag-cakephp4.4\vendor\cakephp\cakephp\src\Database\Schema\Collection.php:158
- C:\xampp\htdocs\tag\tag-cakephp4.4\vendor\cakephp\cakephp\src\Database\Schema\Collection.php:118
- C:\xampp\htdocs\tag\tag-cakephp4.4\vendor\cakephp\cakephp\src\ORM\Table.php:513
- C:\xampp\htdocs\tag\tag-cakephp4.4\vendor\cakephp\bake\src\Command\ModelCommand.php:111
- C:\xampp\htdocs\tag\tag-cakephp4.4\vendor\cakephp\bake\src\Command\ModelCommand.php:94
- C:\xampp\htdocs\tag\tag-cakephp4.4\vendor\cakephp\bake\src\Command\AllCommand.php:115
- C:\xampp\htdocs\tag\tag-cakephp4.4\vendor\cakephp\cakephp\src\Console\BaseCommand.php:190
- C:\xampp\htdocs\tag\tag-cakephp4.4\vendor\cakephp\cakephp\src\Console\CommandRunner.php:334
- C:\xampp\htdocs\tag\tag-cakephp4.4\vendor\cakephp\cakephp\src\Console\CommandRunner.php:172
- C:\xampp\htdocs\tag\tag-cakephp4.4\bin\cake.php:12

